2018-12-14 14:31:26,131 INFO org.springframework.boot.StartupInfoLogger [main] Starting CAPApplication on SJ-06-0218 with PID 10152 (E:\GIT\UnicreditRestApi\target\classes started by mladen.todorovic in E:\GIT\UnicreditRestApi)
2018-12-14 14:31:26,134 INFO org.springframework.boot.SpringApplication [main] No active profile set, falling back to default profiles: default
2018-12-14 14:31:26,199 INFO org.springframework.context.support.AbstractApplicationContext [main] Refreshing org.springframework.boot.context.embedded.AnnotationConfigEmbeddedWebApplicationContext@3a93b025: startup date [Fri Dec 14 14:31:26 CET 2018]; root of context hierarchy
2018-12-14 14:31:26,460 INFO org.hibernate.validator.internal.util.Version [background-preinit] HV000001: Hibernate Validator 5.3.6.Final
2018-12-14 14:31:27,310 INFO org.springframework.context.support.PostProcessorRegistrationDelegate$BeanPostProcessorChecker [main] Bean 'org.springframework.transaction.annotation.ProxyTransactionManagementConfiguration' of type [org.springframework.transaction.annotation.ProxyTransactionManagementConfiguration$$EnhancerBySpringCGLIB$$78bdf53a] is not eligible for getting processed by all BeanPostProcessors (for example: not eligible for auto-proxying)
2018-12-14 14:31:27,369 INFO org.springframework.context.support.PostProcessorRegistrationDelegate$BeanPostProcessorChecker [main] Bean 'org.springframework.security.config.annotation.method.configuration.Jsr250MetadataSourceConfiguration' of type [org.springframework.security.config.annotation.method.configuration.Jsr250MetadataSourceConfiguration$$EnhancerBySpringCGLIB$$5b95783c] is not eligible for getting processed by all BeanPostProcessors (for example: not eligible for auto-proxying)
2018-12-14 14:31:27,379 INFO org.springframework.context.support.PostProcessorRegistrationDelegate$BeanPostProcessorChecker [main] Bean 'jsr250MethodSecurityMetadataSource' of type [org.springframework.security.access.annotation.Jsr250MethodSecurityMetadataSource] is not eligible for getting processed by all BeanPostProcessors (for example: not eligible for auto-proxying)
2018-12-14 14:31:27,384 INFO org.springframework.context.support.PostProcessorRegistrationDelegate$BeanPostProcessorChecker [main] Bean 'org.springframework.security.config.annotation.configuration.ObjectPostProcessorConfiguration' of type [org.springframework.security.config.annotation.configuration.ObjectPostProcessorConfiguration$$EnhancerBySpringCGLIB$$116bbd74] is not eligible for getting processed by all BeanPostProcessors (for example: not eligible for auto-proxying)
2018-12-14 14:31:27,394 INFO org.springframework.context.support.PostProcessorRegistrationDelegate$BeanPostProcessorChecker [main] Bean 'objectPostProcessor' of type [org.springframework.security.config.annotation.configuration.AutowireBeanFactoryObjectPostProcessor] is not eligible for getting processed by all BeanPostProcessors (for example: not eligible for auto-proxying)
2018-12-14 14:31:27,396 INFO org.springframework.context.support.PostProcessorRegistrationDelegate$BeanPostProcessorChecker [main] Bean 'org.springframework.security.access.expression.method.DefaultMethodSecurityExpressionHandler@41c89d2f' of type [org.springframework.security.access.expression.method.DefaultMethodSecurityExpressionHandler] is not eligible for getting processed by all BeanPostProcessors (for example: not eligible for auto-proxying)
2018-12-14 14:31:27,401 INFO org.springframework.context.support.PostProcessorRegistrationDelegate$BeanPostProcessorChecker [main] Bean 'org.springframework.security.config.annotation.method.configuration.GlobalMethodSecurityConfiguration' of type [org.springframework.security.config.annotation.method.configuration.GlobalMethodSecurityConfiguration$$EnhancerBySpringCGLIB$$36406026] is not eligible for getting processed by all BeanPostProcessors (for example: not eligible for auto-proxying)
2018-12-14 14:31:27,416 INFO org.springframework.context.support.PostProcessorRegistrationDelegate$BeanPostProcessorChecker [main] Bean 'methodSecurityMetadataSource' of type [org.springframework.security.access.method.DelegatingMethodSecurityMetadataSource] is not eligible for getting processed by all BeanPostProcessors (for example: not eligible for auto-proxying)
2018-12-14 14:31:27,893 INFO org.springframework.boot.context.embedded.tomcat.TomcatEmbeddedServletContainer [main] Tomcat initialized with port(s): 8080 (http)
2018-12-14 14:31:27,911 INFO org.apache.juli.logging.DirectJDKLog [main] Initializing ProtocolHandler ["http-nio-8080"]
2018-12-14 14:31:27,929 INFO org.apache.juli.logging.DirectJDKLog [main] Starting service [Tomcat]
2018-12-14 14:31:27,929 INFO org.apache.juli.logging.DirectJDKLog [main] Starting Servlet Engine: Apache Tomcat/8.5.35
2018-12-14 14:31:28,022 INFO org.apache.juli.logging.DirectJDKLog [localhost-startStop-1] Initializing Spring embedded WebApplicationContext
2018-12-14 14:31:28,022 INFO org.springframework.boot.context.embedded.EmbeddedWebApplicationContext [localhost-startStop-1] Root WebApplicationContext: initialization completed in 1823 ms
2018-12-14 14:31:28,223 INFO org.springframework.boot.web.servlet.AbstractFilterRegistrationBean [localhost-startStop-1] Mapping filter: 'characterEncodingFilter' to: [/*]
2018-12-14 14:31:28,224 INFO org.springframework.boot.web.servlet.AbstractFilterRegistrationBean [localhost-startStop-1] Mapping filter: 'hiddenHttpMethodFilter' to: [/*]
2018-12-14 14:31:28,224 INFO org.springframework.boot.web.servlet.AbstractFilterRegistrationBean [localhost-startStop-1] Mapping filter: 'httpPutFormContentFilter' to: [/*]
2018-12-14 14:31:28,224 INFO org.springframework.boot.web.servlet.AbstractFilterRegistrationBean [localhost-startStop-1] Mapping filter: 'requestContextFilter' to: [/*]
2018-12-14 14:31:28,225 INFO org.springframework.boot.web.servlet.AbstractFilterRegistrationBean [localhost-startStop-1] Mapping filter: 'springSecurityFilterChain' to: [/*]
2018-12-14 14:31:28,225 INFO org.springframework.boot.web.servlet.AbstractFilterRegistrationBean [localhost-startStop-1] Mapping filter: 'jwtAuthFilter' to: [/*]
2018-12-14 14:31:28,225 INFO org.springframework.boot.web.servlet.ServletRegistrationBean [localhost-startStop-1] Mapping servlet: 'dispatcherServlet' to [/]
2018-12-14 14:31:29,262 INFO org.springframework.orm.jpa.LocalContainerEntityManagerFactoryBean [main] Building JPA container EntityManagerFactory for persistence unit 'default'
2018-12-14 14:31:29,276 INFO org.hibernate.jpa.internal.util.LogHelper [main] HHH000204: Processing PersistenceUnitInfo [
	name: default
	...]
2018-12-14 14:31:29,330 INFO org.hibernate.Version [main] HHH000412: Hibernate Core {5.0.12.Final}
2018-12-14 14:31:29,331 INFO org.hibernate.cfg.Environment [main] HHH000206: hibernate.properties not found
2018-12-14 14:31:29,334 INFO org.hibernate.cfg.Environment [main] HHH000021: Bytecode provider name : javassist
2018-12-14 14:31:29,371 INFO org.hibernate.annotations.common.reflection.java.JavaReflectionManager [main] HCANN000001: Hibernate Commons Annotations {5.0.1.Final}
2018-12-14 14:31:29,467 INFO org.hibernate.dialect.Dialect [main] HHH000400: Using dialect: org.hibernate.dialect.Oracle9iDialect
2018-12-14 14:31:29,789 WARN org.hibernate.id.SequenceGenerator [main] HHH90000014: Found use of deprecated [org.hibernate.id.SequenceGenerator] sequence-based id generator; use org.hibernate.id.enhanced.SequenceStyleGenerator instead.  See Hibernate Domain Model Mapping Guide for details.
2018-12-14 14:31:29,792 WARN org.hibernate.id.SequenceGenerator [main] HHH90000014: Found use of deprecated [org.hibernate.id.SequenceGenerator] sequence-based id generator; use org.hibernate.id.enhanced.SequenceStyleGenerator instead.  See Hibernate Domain Model Mapping Guide for details.
2018-12-14 14:31:29,792 WARN org.hibernate.id.SequenceGenerator [main] HHH90000014: Found use of deprecated [org.hibernate.id.SequenceGenerator] sequence-based id generator; use org.hibernate.id.enhanced.SequenceStyleGenerator instead.  See Hibernate Domain Model Mapping Guide for details.
2018-12-14 14:31:29,792 WARN org.hibernate.id.SequenceGenerator [main] HHH90000014: Found use of deprecated [org.hibernate.id.SequenceGenerator] sequence-based id generator; use org.hibernate.id.enhanced.SequenceStyleGenerator instead.  See Hibernate Domain Model Mapping Guide for details.
2018-12-14 14:31:29,793 WARN org.hibernate.id.SequenceGenerator [main] HHH90000014: Found use of deprecated [org.hibernate.id.SequenceGenerator] sequence-based id generator; use org.hibernate.id.enhanced.SequenceStyleGenerator instead.  See Hibernate Domain Model Mapping Guide for details.
2018-12-14 14:31:29,793 WARN org.hibernate.id.SequenceGenerator [main] HHH90000014: Found use of deprecated [org.hibernate.id.SequenceGenerator] sequence-based id generator; use org.hibernate.id.enhanced.SequenceStyleGenerator instead.  See Hibernate Domain Model Mapping Guide for details.
2018-12-14 14:31:29,793 WARN org.hibernate.id.SequenceGenerator [main] HHH90000014: Found use of deprecated [org.hibernate.id.SequenceGenerator] sequence-based id generator; use org.hibernate.id.enhanced.SequenceStyleGenerator instead.  See Hibernate Domain Model Mapping Guide for details.
2018-12-14 14:31:29,793 WARN org.hibernate.id.SequenceGenerator [main] HHH90000014: Found use of deprecated [org.hibernate.id.SequenceGenerator] sequence-based id generator; use org.hibernate.id.enhanced.SequenceStyleGenerator instead.  See Hibernate Domain Model Mapping Guide for details.
2018-12-14 14:31:29,794 WARN org.hibernate.id.SequenceGenerator [main] HHH90000014: Found use of deprecated [org.hibernate.id.SequenceGenerator] sequence-based id generator; use org.hibernate.id.enhanced.SequenceStyleGenerator instead.  See Hibernate Domain Model Mapping Guide for details.
2018-12-14 14:31:29,794 WARN org.hibernate.id.SequenceGenerator [main] HHH90000014: Found use of deprecated [org.hibernate.id.SequenceGenerator] sequence-based id generator; use org.hibernate.id.enhanced.SequenceStyleGenerator instead.  See Hibernate Domain Model Mapping Guide for details.
2018-12-14 14:31:29,795 WARN org.hibernate.id.SequenceGenerator [main] HHH90000014: Found use of deprecated [org.hibernate.id.SequenceGenerator] sequence-based id generator; use org.hibernate.id.enhanced.SequenceStyleGenerator instead.  See Hibernate Domain Model Mapping Guide for details.
2018-12-14 14:31:29,796 WARN org.hibernate.id.SequenceGenerator [main] HHH90000014: Found use of deprecated [org.hibernate.id.SequenceGenerator] sequence-based id generator; use org.hibernate.id.enhanced.SequenceStyleGenerator instead.  See Hibernate Domain Model Mapping Guide for details.
2018-12-14 14:31:29,796 WARN org.hibernate.id.SequenceGenerator [main] HHH90000014: Found use of deprecated [org.hibernate.id.SequenceGenerator] sequence-based id generator; use org.hibernate.id.enhanced.SequenceStyleGenerator instead.  See Hibernate Domain Model Mapping Guide for details.
2018-12-14 14:31:29,821 WARN org.hibernate.mapping.RootClass [main] HHH000038: Composite-id class does not override equals(): com.unicredit.cap.model.TimeConsume
2018-12-14 14:31:29,821 WARN org.hibernate.mapping.RootClass [main] HHH000039: Composite-id class does not override hashCode(): com.unicredit.cap.model.TimeConsume
2018-12-14 14:31:29,822 WARN org.hibernate.mapping.RootClass [main] HHH000038: Composite-id class does not override equals(): com.unicredit.cap.model.TimeConsume
2018-12-14 14:31:29,822 WARN org.hibernate.mapping.RootClass [main] HHH000039: Composite-id class does not override hashCode(): com.unicredit.cap.model.TimeConsume
2018-12-14 14:31:30,162 INFO org.hibernate.tool.hbm2ddl.SchemaValidator [main] HHH000229: Running schema validator
2018-12-14 14:31:30,768 INFO org.springframework.orm.jpa.AbstractEntityManagerFactoryBean [main] Initialized JPA EntityManagerFactory for persistence unit 'default'
2018-12-14 14:31:31,714 INFO org.springframework.security.web.DefaultSecurityFilterChain [main] Creating filter chain: org.springframework.security.web.util.matcher.AnyRequestMatcher@1, [org.springframework.security.web.context.request.async.WebAsyncManagerIntegrationFilter@41f90b10, org.springframework.security.web.context.SecurityContextPersistenceFilter@68f69ca3, org.springframework.security.web.header.HeaderWriterFilter@1e9d7366, org.springframework.security.web.csrf.CsrfFilter@8ce3f27, org.springframework.security.web.authentication.logout.LogoutFilter@4f6ff62, com.unicredit.cap.config.JwtAuthFilter@5b2a2b0c, org.springframework.security.web.savedrequest.RequestCacheAwareFilter@2b058bfd, org.springframework.security.web.servletapi.SecurityContextHolderAwareRequestFilter@2820b369, org.springframework.security.web.authentication.AnonymousAuthenticationFilter@67593f7b, org.springframework.security.web.session.SessionManagementFilter@72237be8, org.springframework.security.web.access.ExceptionTranslationFilter@2ce24a1a, org.springframework.security.web.access.intercept.FilterSecurityInterceptor@105c6c9e]
2018-12-14 14:31:31,935 INFO org.springframework.web.servlet.mvc.method.annotation.RequestMappingHandlerAdapter [main] Looking for @ControllerAdvice: org.springframework.boot.context.embedded.AnnotationConfigEmbeddedWebApplicationContext@3a93b025: startup date [Fri Dec 14 14:31:26 CET 2018]; root of context hierarchy
2018-12-14 14:31:32,001 INFO org.springframework.web.servlet.handler.AbstractHandlerMethodMapping$MappingRegistry [main] Mapped "{[/rest/application/update],methods=[PUT]}" onto public com.unicredit.cap.model.Application com.unicredit.cap.controller.ApplicationController.updateApplication(com.unicredit.cap.model.Application)
2018-12-14 14:31:32,002 INFO org.springframework.web.servlet.handler.AbstractHandlerMethodMapping$MappingRegistry [main] Mapped "{[/rest/application/timeConsument/{id}],methods=[GET]}" onto public java.util.List<com.unicredit.cap.helper.TimeConsumeWrapper> com.unicredit.cap.controller.ApplicationController.getTimeConsumentByPlacement(java.lang.Long)
2018-12-14 14:31:32,003 INFO org.springframework.web.servlet.handler.AbstractHandlerMethodMapping$MappingRegistry [main] Mapped "{[/rest/application/create],methods=[POST]}" onto public com.unicredit.cap.model.Application com.unicredit.cap.controller.ApplicationController.createApplication(com.unicredit.cap.model.Application)
2018-12-14 14:31:32,003 INFO org.springframework.web.servlet.handler.AbstractHandlerMethodMapping$MappingRegistry [main] Mapped "{[/rest/application/all],methods=[GET]}" onto public java.util.List<com.unicredit.cap.model.Application> com.unicredit.cap.controller.ApplicationController.findAll()
2018-12-14 14:31:32,004 INFO org.springframework.web.servlet.handler.AbstractHandlerMethodMapping$MappingRegistry [main] Mapped "{[/rest/application/{id}],methods=[GET]}" onto public com.unicredit.cap.model.Application com.unicredit.cap.controller.ApplicationController.findById(java.lang.Long)
2018-12-14 14:31:32,004 INFO org.springframework.web.servlet.handler.AbstractHandlerMethodMapping$MappingRegistry [main] Mapped "{[/rest/application/test/{id}],methods=[GET]}" onto public com.unicredit.cap.model.Application com.unicredit.cap.controller.ApplicationController.findById1(long)
2018-12-14 14:31:32,005 INFO org.springframework.web.servlet.handler.AbstractHandlerMethodMapping$MappingRegistry [main] Mapped "{[/rest/application/allapp],methods=[GET]}" onto public java.util.List<com.unicredit.cap.model.Application> com.unicredit.cap.controller.ApplicationController.findAllApp()
2018-12-14 14:31:32,005 INFO org.springframework.web.servlet.handler.AbstractHandlerMethodMapping$MappingRegistry [main] Mapped "{[/rest/application/user/{id}],methods=[GET]}" onto public java.util.List<com.unicredit.cap.model.Application> com.unicredit.cap.controller.ApplicationController.findByUser(int)
2018-12-14 14:31:32,006 INFO org.springframework.web.servlet.handler.AbstractHandlerMethodMapping$MappingRegistry [main] Mapped "{[/rest/rola/all],methods=[GET]}" onto public java.util.List<com.unicredit.cap.model.AppRola> com.unicredit.cap.controller.AppRolaController.findAll()
2018-12-14 14:31:32,007 INFO org.springframework.web.servlet.handler.AbstractHandlerMethodMapping$MappingRegistry [main] Mapped "{[/rest/businespartner/all],methods=[GET]}" onto public java.util.List<com.unicredit.cap.model.ClientBusinesPartner> com.unicredit.cap.controller.ClientBusinesPartnerController.findAll()
2018-12-14 14:31:32,008 INFO org.springframework.web.servlet.handler.AbstractHandlerMethodMapping$MappingRegistry [main] Mapped "{[/rest/businespartner/{id}],methods=[GET]}" onto public com.unicredit.cap.model.ClientBusinesPartner com.unicredit.cap.controller.ClientBusinesPartnerController.findById(java.lang.Long)
2018-12-14 14:31:32,009 INFO org.springframework.web.servlet.handler.AbstractHandlerMethodMapping$MappingRegistry [main] Mapped "{[/rest/businespartner/jib/{jib}],methods=[GET]}" onto public com.unicredit.cap.model.ClientBusinesPartner com.unicredit.cap.controller.ClientBusinesPartnerController.findByJib(java.lang.String)
2018-12-14 14:31:32,013 INFO org.springframework.web.servlet.handler.AbstractHandlerMethodMapping$MappingRegistry [main] Mapped "{[/rest/document/create/application/{id}],methods=[POST]}" onto public com.unicredit.cap.model.Document com.unicredit.cap.controller.DocumentController.createDocumentInApplication(com.unicredit.cap.model.Document,java.lang.Long)
2018-12-14 14:31:32,013 INFO org.springframework.web.servlet.handler.AbstractHandlerMethodMapping$MappingRegistry [main] Mapped "{[/rest/document/create/placement/{id}],methods=[POST]}" onto public com.unicredit.cap.model.Document com.unicredit.cap.controller.DocumentController.createDocumentInPlacement(com.unicredit.cap.model.Document,java.lang.Long)
2018-12-14 14:31:32,014 INFO org.springframework.web.servlet.handler.AbstractHandlerMethodMapping$MappingRegistry [main] Mapped "{[/rest/document/application/{id}],methods=[GET]}" onto public java.util.List<com.unicredit.cap.model.Document> com.unicredit.cap.controller.DocumentController.findByApplicationId(java.lang.Long)
2018-12-14 14:31:32,014 INFO org.springframework.web.servlet.handler.AbstractHandlerMethodMapping$MappingRegistry [main] Mapped "{[/rest/document/placement/{id}],methods=[GET]}" onto public java.util.List<com.unicredit.cap.model.Document> com.unicredit.cap.controller.DocumentController.findByPlacementId(java.lang.Long)
2018-12-14 14:31:32,015 INFO org.springframework.web.servlet.handler.AbstractHandlerMethodMapping$MappingRegistry [main] Mapped "{[/rest/document/all],methods=[GET]}" onto public java.util.List<com.unicredit.cap.model.Document> com.unicredit.cap.controller.DocumentController.findAll()
2018-12-14 14:31:32,015 INFO org.springframework.web.servlet.handler.AbstractHandlerMethodMapping$MappingRegistry [main] Mapped "{[/rest/document/delete/{id}],methods=[POST]}" onto public org.springframework.http.ResponseEntity<java.lang.String> com.unicredit.cap.controller.DocumentController.deleteDocument(java.lang.Long)
2018-12-14 14:31:32,015 INFO org.springframework.web.servlet.handler.AbstractHandlerMethodMapping$MappingRegistry [main] Mapped "{[/rest/document/upload],methods=[POST]}" onto public org.springframework.http.ResponseEntity<?> com.unicredit.cap.controller.DocumentController.uploadDocument(java.lang.Long,org.springframework.web.multipart.MultipartFile[],int,java.lang.String,int)
2018-12-14 14:31:32,015 INFO org.springframework.web.servlet.handler.AbstractHandlerMethodMapping$MappingRegistry [main] Mapped "{[/rest/document/download2/{id}],methods=[GET],produces=[application/octet-stream]}" onto public byte[] com.unicredit.cap.controller.DocumentController.downloadFile2()
2018-12-14 14:31:32,016 INFO org.springframework.web.servlet.handler.AbstractHandlerMethodMapping$MappingRegistry [main] Mapped "{[/rest/document/{id}],methods=[GET]}" onto public com.unicredit.cap.model.Document com.unicredit.cap.controller.DocumentController.findById(java.lang.Long)
2018-12-14 14:31:32,016 INFO org.springframework.web.servlet.handler.AbstractHandlerMethodMapping$MappingRegistry [main] Mapped "{[/rest/document/download/{id}],methods=[GET]}" onto public org.springframework.http.ResponseEntity<org.springframework.core.io.ByteArrayResource> com.unicredit.cap.controller.DocumentController.downloadFile(java.lang.Long)
2018-12-14 14:31:32,017 INFO org.springframework.web.servlet.handler.AbstractHandlerMethodMapping$MappingRegistry [main] Mapped "{[/rest/documenttype/create],methods=[POST]}" onto public com.unicredit.cap.model.DocumentType com.unicredit.cap.controller.DocumentTypeController.createDocumentType(com.unicredit.cap.model.DocumentType)
2018-12-14 14:31:32,017 INFO org.springframework.web.servlet.handler.AbstractHandlerMethodMapping$MappingRegistry [main] Mapped "{[/rest/documenttype/all],methods=[GET]}" onto public java.util.List<com.unicredit.cap.model.DocumentType> com.unicredit.cap.controller.DocumentTypeController.findAll()
2018-12-14 14:31:32,018 INFO org.springframework.web.servlet.handler.AbstractHandlerMethodMapping$MappingRegistry [main] Mapped "{[/rest/documenttype/{id}],methods=[GET]}" onto public com.unicredit.cap.model.DocumentType com.unicredit.cap.controller.DocumentTypeController.findById(java.lang.Long)
2018-12-14 14:31:32,018 INFO org.springframework.web.servlet.handler.AbstractHandlerMethodMapping$MappingRegistry [main] Mapped "{[/rest/organization/all],methods=[GET]}" onto public java.util.List<com.unicredit.cap.model.Organization> com.unicredit.cap.controller.OrganizationController.findAll()
2018-12-14 14:31:32,018 INFO org.springframework.web.servlet.handler.AbstractHandlerMethodMapping$MappingRegistry [main] Mapped "{[/rest/organization/{id}],methods=[GET]}" onto public com.unicredit.cap.model.Organization com.unicredit.cap.controller.OrganizationController.findById(java.lang.Long)
2018-12-14 14:31:32,019 INFO org.springframework.web.servlet.handler.AbstractHandlerMethodMapping$MappingRegistry [main] Mapped "{[/rest/placement/timeConsument/{id}],methods=[GET]}" onto public java.util.List<com.unicredit.cap.helper.TimeConsumeWrapper> com.unicredit.cap.controller.PlacementController.getTimeConsumentByPlacement(java.lang.Long)
2018-12-14 14:31:32,019 INFO org.springframework.web.servlet.handler.AbstractHandlerMethodMapping$MappingRegistry [main] Mapped "{[/rest/placement/all],methods=[GET]}" onto public java.util.List<com.unicredit.cap.model.Placement> com.unicredit.cap.controller.PlacementController.findAll()
2018-12-14 14:31:32,019 INFO org.springframework.web.servlet.handler.AbstractHandlerMethodMapping$MappingRegistry [main] Mapped "{[/rest/placement/update],methods=[PUT]}" onto public com.unicredit.cap.model.Placement com.unicredit.cap.controller.PlacementController.updatePlacement(com.unicredit.cap.model.Placement)
2018-12-14 14:31:32,019 INFO org.springframework.web.servlet.handler.AbstractHandlerMethodMapping$MappingRegistry [main] Mapped "{[/rest/placement/{id}/status/{IdStatus}],methods=[GET]}" onto public com.unicredit.cap.model.Placement com.unicredit.cap.controller.PlacementController.changeStatus(java.lang.Long,int)
2018-12-14 14:31:32,019 INFO org.springframework.web.servlet.handler.AbstractHandlerMethodMapping$MappingRegistry [main] Mapped "{[/rest/placement/{id}],methods=[GET]}" onto public com.unicredit.cap.model.Placement com.unicredit.cap.controller.PlacementController.findById(java.lang.Long)
2018-12-14 14:31:32,020 INFO org.springframework.web.servlet.handler.AbstractHandlerMethodMapping$MappingRegistry [main] Mapped "{[/rest/placement/create/{id}],methods=[POST]}" onto public com.unicredit.cap.model.Placement com.unicredit.cap.controller.PlacementController.createPlacement(com.unicredit.cap.model.Placement,java.lang.Long)
2018-12-14 14:31:32,020 INFO org.springframework.web.servlet.handler.AbstractHandlerMethodMapping$MappingRegistry [main] Mapped "{[/rest/placementstatus/create],methods=[POST]}" onto public com.unicredit.cap.model.PlacementStatus com.unicredit.cap.controller.PlacementStatusController.createPlacementStatu(com.unicredit.cap.model.PlacementStatus)
2018-12-14 14:31:32,021 INFO org.springframework.web.servlet.handler.AbstractHandlerMethodMapping$MappingRegistry [main] Mapped "{[/rest/placementstatus/all],methods=[GET]}" onto public java.util.List<com.unicredit.cap.model.PlacementStatus> com.unicredit.cap.controller.PlacementStatusController.findAll()
2018-12-14 14:31:32,021 INFO org.springframework.web.servlet.handler.AbstractHandlerMethodMapping$MappingRegistry [main] Mapped "{[/rest/placementstatus/{id}],methods=[GET]}" onto public com.unicredit.cap.model.PlacementStatus com.unicredit.cap.controller.PlacementStatusController.findById(java.lang.Long)
2018-12-14 14:31:32,022 INFO org.springframework.web.servlet.handler.AbstractHandlerMethodMapping$MappingRegistry [main] Mapped "{[/rest/placementtransfer/create/{id}],methods=[POST]}" onto public com.unicredit.cap.model.PlacementTransfer com.unicredit.cap.controller.PlacementTransferController.createPlacementTransfer(com.unicredit.cap.model.PlacementTransfer,java.lang.Long)
2018-12-14 14:31:32,022 INFO org.springframework.web.servlet.handler.AbstractHandlerMethodMapping$MappingRegistry [main] Mapped "{[/rest/placementtransfer/placement/{id}],methods=[GET]}" onto public java.util.List<com.unicredit.cap.model.PlacementTransfer> com.unicredit.cap.controller.PlacementTransferController.findByPlacementId(java.lang.Long)
2018-12-14 14:31:32,022 INFO org.springframework.web.servlet.handler.AbstractHandlerMethodMapping$MappingRegistry [main] Mapped "{[/rest/placementtransfer/all],methods=[GET]}" onto public java.util.List<com.unicredit.cap.model.PlacementTransfer> com.unicredit.cap.controller.PlacementTransferController.findAll()
2018-12-14 14:31:32,022 INFO org.springframework.web.servlet.handler.AbstractHandlerMethodMapping$MappingRegistry [main] Mapped "{[/rest/placementtransfer/{id}],methods=[GET]}" onto public com.unicredit.cap.model.PlacementTransfer com.unicredit.cap.controller.PlacementTransferController.findById(java.lang.Long)
2018-12-14 14:31:32,023 INFO org.springframework.web.servlet.handler.AbstractHandlerMethodMapping$MappingRegistry [main] Mapped "{[/rest/placementtype/create],methods=[POST]}" onto public com.unicredit.cap.model.PlacementType com.unicredit.cap.controller.PlacementTypeController.createPlacementType(com.unicredit.cap.model.PlacementType)
2018-12-14 14:31:32,024 INFO org.springframework.web.servlet.handler.AbstractHandlerMethodMapping$MappingRegistry [main] Mapped "{[/rest/placementtype/all],methods=[GET]}" onto public java.util.List<com.unicredit.cap.model.PlacementType> com.unicredit.cap.controller.PlacementTypeController.findAll()
2018-12-14 14:31:32,024 INFO org.springframework.web.servlet.handler.AbstractHandlerMethodMapping$MappingRegistry [main] Mapped "{[/rest/placementtype/{id}],methods=[GET]}" onto public com.unicredit.cap.model.PlacementType com.unicredit.cap.controller.PlacementTypeController.findById(java.lang.Long)
2018-12-14 14:31:32,025 INFO org.springframework.web.servlet.handler.AbstractHandlerMethodMapping$MappingRegistry [main] Mapped "{[/rest/task/placement/{id}],methods=[GET]}" onto public java.util.List<com.unicredit.cap.model.Task> com.unicredit.cap.controller.TaskController.findAllByPlacementId(java.lang.Long)
2018-12-14 14:31:32,025 INFO org.springframework.web.servlet.handler.AbstractHandlerMethodMapping$MappingRegistry [main] Mapped "{[/rest/task/all],methods=[GET]}" onto public java.util.List<com.unicredit.cap.model.Task> com.unicredit.cap.controller.TaskController.findAll()
2018-12-14 14:31:32,026 INFO org.springframework.web.servlet.handler.AbstractHandlerMethodMapping$MappingRegistry [main] Mapped "{[/rest/task/confirm/{id}],methods=[POST]}" onto public com.unicredit.cap.model.Task com.unicredit.cap.controller.TaskController.confirmTask(java.lang.Long) throws java.lang.Exception
2018-12-14 14:31:32,026 INFO org.springframework.web.servlet.handler.AbstractHandlerMethodMapping$MappingRegistry [main] Mapped "{[/rest/task/{id}],methods=[GET]}" onto public com.unicredit.cap.model.Task com.unicredit.cap.controller.TaskController.findById(java.lang.Long)
2018-12-14 14:31:32,026 INFO org.springframework.web.servlet.handler.AbstractHandlerMethodMapping$MappingRegistry [main] Mapped "{[/rest/task/create/{id}],methods=[POST]}" onto public com.unicredit.cap.model.Task com.unicredit.cap.controller.TaskController.createTask(com.unicredit.cap.model.Task,java.lang.Long) throws java.lang.Exception
2018-12-14 14:31:32,026 INFO org.springframework.web.servlet.handler.AbstractHandlerMethodMapping$MappingRegistry [main] Mapped "{[/rest/task/user/{id}],methods=[GET]}" onto public java.util.List<com.unicredit.cap.model.Task> com.unicredit.cap.controller.TaskController.findAllByUserId(java.lang.Long)
2018-12-14 14:31:32,027 INFO org.springframework.web.servlet.handler.AbstractHandlerMethodMapping$MappingRegistry [main] Mapped "{[/rest/taskdetail/create/{id}],methods=[POST]}" onto public com.unicredit.cap.model.TaskDetail com.unicredit.cap.controller.TaskDetailController.createApplication(com.unicredit.cap.model.TaskDetail,java.lang.Long) throws java.lang.Exception
2018-12-14 14:31:32,028 INFO org.springframework.web.servlet.handler.AbstractHandlerMethodMapping$MappingRegistry [main] Mapped "{[/rest/taskdetail/all],methods=[GET]}" onto public java.util.List<com.unicredit.cap.model.TaskDetail> com.unicredit.cap.controller.TaskDetailController.findAll()
2018-12-14 14:31:32,028 INFO org.springframework.web.servlet.handler.AbstractHandlerMethodMapping$MappingRegistry [main] Mapped "{[/rest/taskdetail/task/{id}],methods=[GET]}" onto public java.util.List<com.unicredit.cap.model.TaskDetail> com.unicredit.cap.controller.TaskDetailController.findByTask(java.lang.Long)
2018-12-14 14:31:32,028 INFO org.springframework.web.servlet.handler.AbstractHandlerMethodMapping$MappingRegistry [main] Mapped "{[/rest/taskdetail/{id}],methods=[GET]}" onto public com.unicredit.cap.model.TaskDetail com.unicredit.cap.controller.TaskDetailController.findById(java.lang.Long)
2018-12-14 14:31:32,028 INFO org.springframework.web.servlet.handler.AbstractHandlerMethodMapping$MappingRegistry [main] Mapped "{[/rest/taskstatus/create],methods=[POST]}" onto public com.unicredit.cap.model.TaskStatus com.unicredit.cap.controller.TaskStatusController.createPlacementStatu(com.unicredit.cap.model.TaskStatus)
2018-12-14 14:31:32,028 INFO org.springframework.web.servlet.handler.AbstractHandlerMethodMapping$MappingRegistry [main] Mapped "{[/rest/taskstatus/all],methods=[GET]}" onto public java.util.List<com.unicredit.cap.model.TaskStatus> com.unicredit.cap.controller.TaskStatusController.findAll()
2018-12-14 14:31:32,029 INFO org.springframework.web.servlet.handler.AbstractHandlerMethodMapping$MappingRegistry [main] Mapped "{[/rest/taskstatus/{id}],methods=[GET]}" onto public com.unicredit.cap.model.TaskStatus com.unicredit.cap.controller.TaskStatusController.findById(java.lang.Long)
2018-12-14 14:31:32,029 INFO org.springframework.web.servlet.handler.AbstractHandlerMethodMapping$MappingRegistry [main] Mapped "{[/token],methods=[POST]}" onto public com.unicredit.cap.model.AuthenticationResponse com.unicredit.cap.controller.TokenController.userLogin(com.unicredit.cap.model.UserCredentials) throws com.unicredit.cap.exception.FailedToLoginException
2018-12-14 14:31:32,030 INFO org.springframework.web.servlet.handler.AbstractHandlerMethodMapping$MappingRegistry [main] Mapped "{[/rest/user/all],methods=[GET]}" onto public java.util.List<com.unicredit.cap.model.User> com.unicredit.cap.controller.UserController.findAll()
2018-12-14 14:31:32,030 INFO org.springframework.web.servlet.handler.AbstractHandlerMethodMapping$MappingRegistry [main] Mapped "{[/rest/user/name/{username}],methods=[GET]}" onto public com.unicredit.cap.model.AppUserWrapper com.unicredit.cap.controller.UserController.findByUsername(java.lang.String)
2018-12-14 14:31:32,031 INFO org.springframework.web.servlet.handler.AbstractHandlerMethodMapping$MappingRegistry [main] Mapped "{[/rest/user/create],methods=[POST]}" onto public com.unicredit.cap.model.AppUserWrapper com.unicredit.cap.controller.UserController.createUser(com.unicredit.cap.model.AppUserWrapper)
2018-12-14 14:31:32,031 INFO org.springframework.web.servlet.handler.AbstractHandlerMethodMapping$MappingRegistry [main] Mapped "{[/rest/user/{id}],methods=[GET]}" onto public com.unicredit.cap.model.AppUserWrapper com.unicredit.cap.controller.UserController.findById(java.lang.Long)
2018-12-14 14:31:32,033 INFO org.springframework.web.servlet.handler.AbstractHandlerMethodMapping$MappingRegistry [main] Mapped "{[/error]}" onto public org.springframework.http.ResponseEntity<java.util.Map<java.lang.String, java.lang.Object>> org.springframework.boot.autoconfigure.web.BasicErrorController.error(javax.servlet.http.HttpServletRequest)
2018-12-14 14:31:32,033 INFO org.springframework.web.servlet.handler.AbstractHandlerMethodMapping$MappingRegistry [main] Mapped "{[/error],produces=[text/html]}" onto public org.springframework.web.servlet.ModelAndView org.springframework.boot.autoconfigure.web.BasicErrorController.errorHtml(javax.servlet.http.HttpServletRequest,javax.servlet.http.HttpServletResponse)
2018-12-14 14:31:32,083 INFO org.springframework.web.servlet.handler.AbstractUrlHandlerMapping [main] Mapped URL path [/webjars/**] onto handler of type [class org.springframework.web.servlet.resource.ResourceHttpRequestHandler]
2018-12-14 14:31:32,084 INFO org.springframework.web.servlet.handler.AbstractUrlHandlerMapping [main] Mapped URL path [/**] onto handler of type [class org.springframework.web.servlet.resource.ResourceHttpRequestHandler]
2018-12-14 14:31:32,100 INFO org.springframework.web.servlet.mvc.method.annotation.ExceptionHandlerExceptionResolver [main] Detected @ExceptionHandler methods in capExceptionHandler
2018-12-14 14:31:32,138 INFO org.springframework.web.servlet.handler.AbstractUrlHandlerMapping [main] Mapped URL path [/**/favicon.ico] onto handler of type [class org.springframework.web.servlet.resource.ResourceHttpRequestHandler]
2018-12-14 14:31:32,449 INFO org.springframework.jmx.export.MBeanExporter [main] Registering beans for JMX exposure on startup
2018-12-14 14:31:32,461 INFO org.apache.juli.logging.DirectJDKLog [main] Starting ProtocolHandler ["http-nio-8080"]
2018-12-14 14:31:32,477 INFO org.apache.juli.logging.DirectJDKLog [main] Using a shared selector for servlet write/read
2018-12-14 14:31:32,540 INFO org.springframework.boot.context.embedded.tomcat.TomcatEmbeddedServletContainer [main] Tomcat started on port(s): 8080 (http)
2018-12-14 14:31:32,545 INFO org.springframework.boot.StartupInfoLogger [main] Started CAPApplication in 6.807 seconds (JVM running for 7.109)
